05-04-2025 19:02:05 Usuario:javier ha hecho log in con la contraseña 12345
05-04-2025 19:02:40 Retiro de dinero realizado por el User: 1 de cantidad 50.00
05-04-2025 19:02:58 Usuario:javier ha hecho log in con la contraseña 12345
05-04-2025 19:03:11 Retiro de dinero realizado por el User: 1 de cantidad 20.00
06-04-2025 10:22:26 Usuario:javier ha hecho log in con la contraseña 12345
06-04-2025 10:22:38 Retiro de dinero realizado por el User: 1 de cantidad 10.00
06-04-2025 10:35:47 Usuario:javier ha hecho log in con la contraseña 12345
06-04-2025 10:38:02 Usuario:javier ha hecho log in con la contraseña 12345
06-04-2025 10:40:04 Usuario:javier ha hecho log in con la contraseña 12345
06-04-2025 10:41:26 Usuario:javier ha hecho log in con la contraseña 12345
06-04-2025 10:42:33 Usuario:javier ha hecho log in con la contraseña 12345
06-04-2025 10:42:44 Usuario:javier ha hecho log in con la contraseña 12345
06-04-2025 10:47:33 Usuario:javier ha hecho log in con la contraseña 12345
06-04-2025 10:47:40 Retiro de dinero realizado por el User: 1 de cantidad 5.00
06-04-2025 10:48:33 Usuario:javier ha hecho log in con la contraseña 12345
06-04-2025 10:48:42 Retiro de dinero realizado por el User: 1 de cantidad 5.00
06-04-2025 10:48:50 Ingreso de dinero realizado por el User: 1 de cantidad 30.00
06-04-2025 10:52:42 Usuario:javier ha hecho log in con la contraseña 12345
06-04-2025 11:19:58 Usuario:javier ha hecho log in con la contraseña 12345
06-04-2025 11:20:04 Ingreso de dinero realizado por el User: 1 de cantidad 100.00
06-04-2025 11:22:08 [Warning]Intento inicio de sesion: Usuario:kabier Contraseña:1
06-04-2025 11:22:11 Usuario:javier ha hecho log in con la contraseña 12345
06-04-2025 11:22:53 Retiro de dinero realizado por el User: 1 de cantidad 5.00
06-04-2025 11:24:41 Usuario:javier ha hecho log in con la contraseña 12345
06-04-2025 11:25:38 Usuario:javier ha hecho log in con la contraseña 12345
06-04-2025 11:26:53 Usuario:javier ha hecho log in con la contraseña 12345
06-04-2025 11:27:22 Transferencia de dinero realizado por el User: 1 de cantidad 5.00 al User: 31764659
06-04-2025 11:40:40 Transferencia de dinero realizado por el User: 1 de cantidad 5.00 al User: 1
06-04-2025 11:44:00 Transferencia de dinero realizado por el User: 1 de cantidad 0.00 al User: 1
06-04-2025 11:48:09 Transferencia de dinero realizado por el User: 1 de cantidad 5.00 al User: 28997
06-04-2025 11:50:40 Transferencia de dinero realizado por el User: 1 de cantidad 5.00 al User: 29831
06-04-2025 11:51:56 Transferencia de dinero realizado por el User: 1 de cantidad 5.00 al User: 2
06-04-2025 11:53:52 Transferencia de dinero realizado por el User: 1 de cantidad 5.00 al User: 2
06-04-2025 11:55:07 Transferencia de dinero realizado por el User: 1 de cantidad 5.00 al User: 2
06-04-2025 11:56:31 Transferencia de dinero realizado por el User: 1 de cantidad 5.00 al User: 3
06-04-2025 11:56:52 Transferencia de dinero realizado por el User: 1 de cantidad 5.00 al User: 3
06-04-2025 11:57:10 Transferencia de dinero realizado por el User: 1 de cantidad 5.00 al User: 3
06-04-2025 12:56:47 [Warning]Intento inicio de sesion: Usuario:Jaime Contraseña:43523
06-04-2025 12:57:07 Usuario:jaime ha hecho log in con la contraseña 43523
06-04-2025 12:57:27 Ingreso de dinero realizado por el User: 3 de cantidad 1456.00
06-04-2025 12:57:35 Retiro de dinero realizado por el User: 3 de cantidad 300.00
06-04-2025 12:58:02 Usuario:jaime ha hecho log in con la contraseña 43523
06-04-2025 12:58:40 Transferencia de dinero realizado por el User: 3 de cantidad 200.00 al User: 1
06-04-2025 12:58:57 Transferencia de dinero realizado por el User: 3 de cantidad 1200.00 al User: 1

06-04-2025 18:39:22 Usuario:javier ha hecho log in con la contraseña 12345
06-04-2025 18:39:34 Transferencia de dinero realizado por el User: 1 de cantidad 3.00 al User: 3
06-04-2025 19:17:28 Usuario:javier ha hecho log in con la contraseña 12345
06-04-2025 19:17:44 Transferencia de dinero realizado por el User: 1 de cantidad 5.00 al User: 3
06-04-2025 19:17:47 Transferencia de dinero realizado por el User: 1 de cantidad 6.00 al User: 3
06-04-2025 19:17:51 Transferencia de dinero realizado por el User: 1 de cantidad 7.00 al User: 3
06-04-2025 19:18:07 Transferencia de dinero realizado por el User: 1 de cantidad 8.00 al User: 3
06-04-2025 19:18:59 [Warning]Intento inicio de sesion: Usuario:q Contraseña:q
06-04-2025 19:24:29 Usuario:javier ha hecho log in con la contraseña 12345
06-04-2025 19:24:34 Retiro de dinero realizado por el User: 1 de cantidad 10.00
06-04-2025 19:25:26 Usuario:javier ha hecho log in con la contraseña 12345
06-04-2025 19:25:32 Retiro de dinero realizado por el User: 1 de cantidad 10.00
06-04-2025 19:25:41 Ingreso de dinero realizado por el User: 1 de cantidad 10.00
06-04-2025 19:26:08 Usuario:javier ha hecho log in con la contraseña 12345
06-04-2025 19:26:14 Retiro de dinero realizado por el User: 1 de cantidad 10.00
06-04-2025 19:31:21 Usuario:javier ha hecho log in con la contraseña 12345
06-04-2025 19:32:32 Usuario:javier ha hecho log in con la contraseña 12345
06-04-2025 19:33:19 Usuario:javier ha hecho log in con la contraseña 12345
06-04-2025 19:34:04 [Warning]Intento inicio de sesion: Usuario:* Contraseña:*
06-04-2025 19:34:13 [Warning]Intento inicio de sesion: Usuario:kaboer Contraseña:a
06-04-2025 19:36:57 Usuario:javier ha hecho log in con la contraseña 12345
06-04-2025 19:37:25 [Warning]Intento inicio de sesion: Usuario:a Contraseña:a
06-04-2025 19:38:06 [Warning]Intento inicio de sesion: Usuario:a Contraseña:a
06-04-2025 20:07:45 Usuario:javier ha hecho log in con la contraseña 12345
06-04-2025 20:09:59 Usuario:javier ha hecho log in con la contraseña 12345
06-04-2025 20:10:05 Retiro de dinero realizado por el User: 1 de cantidad 19.00
06-04-2025 20:10:12 Retiro de dinero realizado por el User: 1 de cantidad 7.00
06-04-2025 20:10:33 Usuario:javier ha hecho log in con la contraseña 12345
06-04-2025 20:10:38 Retiro de dinero realizado por el User: 1 de cantidad 5.00
06-04-2025 20:13:27 Usuario:javier ha hecho log in con la contraseña 12345
06-04-2025 20:13:44 Transferencia de dinero realizado por el User: 1 de cantidad 5.00 al User: 3
06-04-2025 20:13:47 Transferencia de dinero realizado por el User: 1 de cantidad 5.00 al User: 3
06-04-2025 20:13:49 Transferencia de dinero realizado por el User: 1 de cantidad 5.00 al User: 3
06-04-2025 20:13:55 Transferencia de dinero realizado por el User: 1 de cantidad 5.00 al User: 3
06-04-2025 20:14:10 [Warning]Intento inicio de sesion: Usuario:* Contraseña:*
06-04-2025 20:17:15 Usuario:javier ha hecho log in con la contraseña 12345
06-04-2025 20:17:23 Transferencia de dinero realizado por el User: 1 de cantidad 5.00 al User: 3
06-04-2025 20:17:31 Transferencia de dinero realizado por el User: 1 de cantidad 5.00 al User: 3
06-04-2025 20:17:34 Transferencia de dinero realizado por el User: 1 de cantidad 5.00 al User: 3
06-04-2025 20:17:38 Transferencia de dinero realizado por el User: 1 de cantidad 5.00 al User: 3
06-04-2025 20:17:44 Transferencia de dinero realizado por el User: 1 de cantidad 5.00 al User: 3
06-04-2025 20:17:56 [Warning]Intento inicio de sesion: Usuario:w Contraseña:w
