05-04-2025 19:02:40 611405427 NULL 50.000000 Retirada manual
05-04-2025 19:03:11 611405427 NULL 20.000000 Retirada manual
06-04-2025 10:22:38 611405427 NULL 10.000000 Retirada manual
06-04-2025 10:23:12 611405427 632467235 10.00 Transferencia entre cuentas
06-04-2025 10:35:54 611405427 NULL 79.000000 Ingreso manual
06-04-2025 10:38:08 611405427 NULL 18.00 Ingreso manual
06-04-2025 10:40:18 611405427 NULL 18.00 Ingreso manual
06-04-2025 10:41:32 611405427 NULL 69.00 Ingreso manual
06-04-2025 10:42:37 611405427 NULL 5.00 Retirada manual
06-04-2025 10:42:54 611405427 NULL 5.00 Retirada manual
06-04-2025 10:48:42 611405427 NULL 5.00 Retirada manual
06-04-2025 10:48:50 611405427 NULL 30.00 Ingreso manual
06-04-2025 10:53:30 611405427 632467235 5.00 Transferencia entre cuentas
06-04-2025 11:20:04 611405427 NULL 100.00 Ingreso manual
06-04-2025 11:22:53 611405427 NULL 5.00 Retirada manual
<<<<<<< HEAD
06-04-2025 12:57:27 123456789 NULL 1456.00 Ingreso manual
06-04-2025 12:57:35 123456789 NULL 300.00 Retirada manual
=======
06-04-2025 12:09:46 611405427 NULL 20.00 Retirada manual
06-04-2025 12:09:52 611405427 NULL 20.00 Ingreso manual
06-04-2025 18:22:43 659476579 NULL 10.00 Ingreso manual
06-04-2025 18:22:55 659476579 NULL 60.00 Retirada manual
>>>>>>> 9ab6349 (arreglado retoques)
